#
# There is insufficient memory for the Java Runtime Environment to continue.
# Native memory allocation (malloc) failed to allocate 32784 bytes for Chunk::new
# Possible reasons:
#   The system is out of physical RAM or swap space
#   In 32 bit mode, the process size limit was hit
# Possible solutions:
#   Reduce memory load on the system
#   Increase physical memory or swap space
#   Check if swap backing store is full
#   Use 64 bit Java on a 64 bit OS
#   Decrease Java heap size (-Xmx/-Xms)
#   Decrease number of Java threads
#   Decrease Java thread stack sizes (-Xss)
#   Set larger code cache with -XX:ReservedCodeCacheSize=
# This output file may be truncated or incomplete.
#
#  Out of Memory Error (allocation.cpp:390), pid=16604, tid=0x0000000000001840
#
# JRE version: OpenJDK Runtime Environment (8.0_152-b02) (build 1.8.0_152-release-1024-b02)
# Java VM: OpenJDK 64-Bit Server VM (25.152-b02 mixed mode windows-amd64 compressed oops)
# Failed to write core dump. Minidumps are not enabled by default on client versions of Windows
#

---------------  T H R E A D  ---------------

Current thread (0x00000000178d1000):  JavaThread "C2 CompilerThread1" daemon [_thread_in_native, id=6208, stack(0x00000000180a0000,0x00000000181a0000)]

Stack: [0x00000000180a0000,0x00000000181a0000]
[error occurred during error reporting (printing stack bounds), id 0xc0000005]

Native frames: (J=compiled Java code, j=interpreted, Vv=VM code, C=native code)


Current CompileTask:
C2: 599520 16294       4       org.objectweb.asm.Item::a (143 bytes)


---------------  P R O C E S S  ---------------

Java Threads: ( => current thread )
  0x000000001af08000 JavaThread "ForkJoinPool.commonPool-worker-7" daemon [_thread_blocked, id=4408, stack(0x0000000029800000,0x0000000029900000)]
  0x000000001af06800 JavaThread "ForkJoinPool.commonPool-worker-6" daemon [_thread_blocked, id=16892, stack(0x0000000029700000,0x0000000029800000)]
  0x000000001af07800 JavaThread "ForkJoinPool.commonPool-worker-5" daemon [_thread_blocked, id=10804, stack(0x0000000029460000,0x0000000029560000)]
  0x000000001af03800 JavaThread "ForkJoinPool.commonPool-worker-4" daemon [_thread_blocked, id=12804, stack(0x0000000029360000,0x0000000029460000)]
  0x000000001af06000 JavaThread "ForkJoinPool.commonPool-worker-3" daemon [_thread_in_Java, id=17664, stack(0x0000000029060000,0x0000000029160000)]
  0x00000000178e7000 JavaThread "Cache worker for Java compile cache (D:\Microsoft Visual Studio 14.0\VC\friendlychat-android\android-start\.gradle\4.4\javaCompile)" [_thread_blocked, id=17444, stack(0x0000000028b60000,0x0000000028c60000)]
  0x00000000178e2800 JavaThread "Task worker for ':' Thread 7" [_thread_blocked, id=16616, stack(0x0000000028a60000,0x0000000028b60000)]
  0x00000000178e1000 JavaThread "Task worker for ':' Thread 6" [_thread_blocked, id=16856, stack(0x0000000028960000,0x0000000028a60000)]
  0x000000001cdea800 JavaThread "Task worker for ':' Thread 5" [_thread_blocked, id=17600, stack(0x0000000027810000,0x0000000027910000)]
  0x000000001cde9800 JavaThread "Task worker for ':' Thread 4" [_thread_blocked, id=15672, stack(0x0000000027710000,0x0000000027810000)]
  0x000000001cde9000 JavaThread "Task worker for ':' Thread 3" [_thread_blocked, id=17252, stack(0x0000000027610000,0x0000000027710000)]
  0x000000001cde3800 JavaThread "Task worker for ':' Thread 2" [_thread_blocked, id=12388, stack(0x0000000027310000,0x0000000027410000)]
  0x000000001cde6000 JavaThread "Task worker for ':'" [_thread_blocked, id=7700, stack(0x0000000027210000,0x0000000027310000)]
  0x000000001cde6800 JavaThread "Cache worker for Build Output Cleanup Cache (D:\Microsoft Visual Studio 14.0\VC\friendlychat-android\android-start\.gradle\buildOutputCleanup)" [_thread_blocked, id=16244, stack(0x0000000027110000,0x0000000027210000)]
  0x000000001cde2000 JavaThread "Cache worker for task history cache (D:\Microsoft Visual Studio 14.0\VC\friendlychat-android\android-start\.gradle\4.4\taskHistory)" [_thread_blocked, id=15224, stack(0x0000000027010000,0x0000000027110000)]
  0x000000001cde3000 JavaThread "Cache worker for file content cache (D:\Microsoft Visual Studio 14.0\VC\friendlychat-android\android-start\.gradle\4.4\fileContent)" [_thread_blocked, id=14420, stack(0x0000000026f10000,0x0000000027010000)]
  0x000000001cdde800 JavaThread "build operations Thread 8" [_thread_blocked, id=9192, stack(0x0000000026750000,0x0000000026850000)]
  0x000000001cde0000 JavaThread "build operations Thread 7" [_thread_blocked, id=692, stack(0x0000000026450000,0x0000000026550000)]
  0x000000001cde0800 JavaThread "build operations Thread 6" [_thread_blocked, id=5396, stack(0x0000000024550000,0x0000000024650000)]
  0x0000000018bee000 JavaThread "build operations Thread 5" [_thread_blocked, id=12848, stack(0x0000000024450000,0x0000000024550000)]
  0x0000000018bed800 JavaThread "build operations Thread 4" [_thread_blocked, id=13596, stack(0x0000000022890000,0x0000000022990000)]
  0x0000000018bf0800 JavaThread "build operations Thread 3" [_thread_blocked, id=7092, stack(0x00000000206e0000,0x00000000207e0000)]
  0x0000000018bef800 JavaThread "build operations Thread 2" [_thread_blocked, id=18288, stack(0x00000000205e0000,0x00000000206e0000)]
  0x0000000018be9000 JavaThread "build operations" [_thread_blocked, id=15116, stack(0x00000000204e0000,0x00000000205e0000)]
  0x0000000018beb000 JavaThread "Cache worker for Artifact transforms cache (C:\Users\GregC\.gradle\caches\transforms-1)" [_thread_blocked, id=11340, stack(0x00000000203e0000,0x00000000204e0000)]
  0x0000000018bea800 JavaThread "Cache worker for file hash cache (D:\Microsoft Visual Studio 14.0\VC\friendlychat-android\android-start\.gradle\4.4\fileHashes)" [_thread_blocked, id=3052, stack(0x000000001d470000,0x000000001d570000)]
  0x0000000018be3800 JavaThread "Stdin handler" [_thread_blocked, id=16252, stack(0x000000001d370000,0x000000001d470000)]
  0x0000000018be6800 JavaThread "Asynchronous log dispatcher for DefaultDaemonConnection: socket connection from /127.0.0.1:64018 to /127.0.0.1:64431" [_thread_blocked, id=13828, stack(0x000000001d070000,0x000000001d170000)]
  0x0000000018be6000 JavaThread "Cancel handler" [_thread_blocked, id=17840, stack(0x000000001a8d0000,0x000000001a9d0000)]
  0x0000000018be1800 JavaThread "Handler for socket connection from /127.0.0.1:64018 to /127.0.0.1:64431" [_thread_in_native, id=4100, stack(0x000000001a7d0000,0x000000001a8d0000)]
  0x0000000018bec800 JavaThread "pool-3-thread-1" [_thread_blocked, id=17148, stack(0x0000000025b50000,0x0000000025c50000)]
  0x000000001cddd000 JavaThread "pool-2-thread-1" [_thread_blocked, id=11656, stack(0x0000000024850000,0x0000000024950000)]
  0x0000000018be2000 JavaThread "Daemon worker Thread 2" [_thread_blocked, id=9364, stack(0x000000001a6d0000,0x000000001a7d0000)]
  0x0000000018be3000 JavaThread "Daemon Thread 2" [_thread_blocked, id=13968, stack(0x000000001a1d0000,0x000000001a2d0000)]
  0x000000001cde7800 JavaThread "Memory manager" [_thread_blocked, id=7436, stack(0x0000000020ee0000,0x0000000020fe0000)]
  0x000000001cde5000 JavaThread "pool-1-thread-1" [_thread_blocked, id=17864, stack(0x0000000020be0000,0x0000000020ce0000)]
  0x0000000019823000 JavaThread "File lock request listener" [_thread_in_native, id=12672, stack(0x000000001add0000,0x000000001aed0000)]
  0x0000000019787800 JavaThread "Cache worker for file hash cache (C:\Users\GregC\.gradle\caches\4.4\fileHashes)" [_thread_blocked, id=18084, stack(0x000000001acd0000,0x000000001add0000)]
  0x00000000196ca000 JavaThread "Daemon periodic checks" [_thread_blocked, id=9156, stack(0x000000001a0d0000,0x000000001a1d0000)]
  0x00000000196bf800 JavaThread "Incoming local TCP Connector on port 64018" [_thread_in_native, id=4264, stack(0x0000000019f70000,0x000000001a070000)]
  0x0000000017930000 JavaThread "Service Thread" daemon [_thread_blocked, id=17256, stack(0x00000000183a0000,0x00000000184a0000)]
  0x00000000178e0000 JavaThread "C1 CompilerThread3" daemon [_thread_in_vm, id=8108, stack(0x00000000182a0000,0x00000000183a0000)]
  0x00000000178e3000 JavaThread "C2 CompilerThread2" daemon [_thread_blocked, id=7144, stack(0x00000000181a0000,0x00000000182a0000)]
=>0x00000000178d1000 JavaThread "C2 CompilerThread1" daemon [_thread_in_native, id=6208, stack(0x00000000180a0000,0x00000000181a0000)]
  0x000000001787b800 JavaThread "C2 CompilerThread0" daemon [_thread_in_vm, id=16920, stack(0x0000000017fa0000,0x00000000180a0000)]
  0x000000001787a000 JavaThread "Attach Listener" daemon [_thread_blocked, id=8632, stack(0x0000000017ea0000,0x0000000017fa0000)]
  0x00000000178d0000 JavaThread "Signal Dispatcher" daemon [_thread_blocked, id=5688, stack(0x0000000017da0000,0x0000000017ea0000)]
  0x0000000002e39800 JavaThread "Finalizer" daemon [_thread_blocked, id=14232, stack(0x0000000017c40000,0x0000000017d40000)]
  0x0000000002e38000 JavaThread "Reference Handler" daemon [_thread_blocked, id=7256, stack(0x0000000017740000,0x0000000017840000)]
  0x000000000290e000 JavaThread "main" [_thread_blocked, id=7036, stack(0x0000000002c40000,0x0000000002d40000)]

Other Threads:
  0x0000000015955800 VMThread [stack: 0x0000000017640000,0x0000000017740000] [id=9972]
  0x0000000017931000 WatcherThread [stack: 0x00000000184a0000,0x00000000185a0000] [id=17284]

VM state:not at safepoint (normal execution)

VM Mutex/Monitor currently owned by a thread: None

Heap:
 PSYoungGen      total 295936K, used 261761K [0x00000000eab00000, 0x00000000ff980000, 0x0000000100000000)
  eden space 256512K, 96% used [0x00000000eab00000,0x00000000f9c098d0,0x00000000fa580000)
  from space 39424K, 37% used [0x00000000fd300000,0x00000000fe196e98,0x00000000ff980000)
  to   space 43008K, 0% used [0x00000000fa580000,0x00000000fa580000,0x00000000fcf80000)
 ParOldGen       total 221696K, used 93798K [0x00000000c0000000, 0x00000000cd880000, 0x00000000eab00000)
  object space 221696K, 42% used [0x00000000c0000000,0x00000000c5b99820,0x00000000cd880000)
 Metaspace       used 112471K, capacity 118344K, committed 118488K, reserved 1150976K
  class space    used 14648K, capacity 16043K, committed 16128K, reserved 1048576K

Card table byte_map: [0x0000000012200000,0x0000000012410000] byte_map_base: 0x0000000011c00000

Marking Bits: (ParMarkBitMap*) 0x0000000067344970
 Begin Bits: [0x0000000012d70000, 0x0000000013d70000)
 End Bits:   [0x0000000013d70000, 0x0000000014d70000)

Polling page: 0x0000000001150000

CodeCache: size=245760Kb used=45986Kb max_used=47267Kb free=199773Kb
 bounds [0x0000000002e40000, 0x0000000005cb0000, 0x0000000011e40000]
 total_blobs=13904 nmethods=13052 adapters=762
 compilation: enabled

Compilation events (10 events):
Event: 599.425 Thread 0x00000000178e0000 nmethod 16295 0x0000000003e62a10 code [0x0000000003e62b80, 0x0000000003e62df0]
Event: 599.425 Thread 0x00000000178e0000 16296       3       java.util.concurrent.CopyOnWriteArrayList::get (4 bytes)
Event: 599.425 Thread 0x00000000178e0000 nmethod 16296 0x0000000005c21c90 code [0x0000000005c21de0, 0x0000000005c21f50]
Event: 599.425 Thread 0x00000000178e0000 16291       3       org.objectweb.asm.ClassWriter::a (71 bytes)
Event: 599.426 Thread 0x00000000178e0000 nmethod 16291 0x000000000570ef50 code [0x000000000570f120, 0x000000000570f738]
Event: 599.426 Thread 0x00000000178e0000 16297       3       com.android.build.gradle.internal.incremental.IncrementalSupportVisitor::findParentClassForMethod (228 bytes)
Event: 599.428 Thread 0x00000000178e0000 nmethod 16297 0x000000000594efd0 code [0x000000000594f340, 0x00000000059513b8]
Event: 599.428 Thread 0x00000000178e0000 16298       3       org.objectweb.asm.Frame::a (576 bytes)
Event: 599.430 Thread 0x00000000178e0000 nmethod 16298 0x00000000058ca310 code [0x00000000058ca5a0, 0x00000000058cb678]
Event: 599.430 Thread 0x00000000178e0000 16299       3       org.objectweb.asm.MethodWriter::b (260 bytes)

GC Heap History (10 events):
Event: 516.368 GC heap before
{Heap before GC invocations=16 (full 3):
 PSYoungGen      total 280576K, used 64642K [0x00000000eab00000, 0x0000000100000000, 0x0000000100000000)
  eden space 249856K, 13% used [0x00000000eab00000,0x00000000ecc27870,0x00000000f9f00000)
  from space 30720K, 99% used [0x00000000fe200000,0x00000000ffff90c8,0x0000000100000000)
  to   space 49664K, 0% used [0x00000000f9f00000,0x00000000f9f00000,0x00000000fcf80000)
 ParOldGen       total 148480K, used 71295K [0x00000000c0000000, 0x00000000c9100000, 0x00000000eab00000)
  object space 148480K, 48% used [0x00000000c0000000,0x00000000c459fee0,0x00000000c9100000)
 Metaspace       used 93424K, capacity 98224K, committed 98380K, reserved 1134592K
  class space    used 12446K, capacity 13708K, committed 13824K, reserved 1048576K
Event: 516.387 GC heap after
Heap after GC invocations=16 (full 3):
 PSYoungGen      total 299520K, used 3202K [0x00000000eab00000, 0x0000000100000000, 0x0000000100000000)
  eden space 249856K, 0% used [0x00000000eab00000,0x00000000eab00000,0x00000000f9f00000)
  from space 49664K, 6% used [0x00000000f9f00000,0x00000000fa2209f8,0x00000000fcf80000)
  to   space 49664K, 0% used [0x00000000fcf80000,0x00000000fcf80000,0x0000000100000000)
 ParOldGen       total 148480K, used 97379K [0x00000000c0000000, 0x00000000c9100000, 0x00000000eab00000)
  object space 148480K, 65% used [0x00000000c0000000,0x00000000c5f18f30,0x00000000c9100000)
 Metaspace       used 93424K, capacity 98224K, committed 98380K, reserved 1134592K
  class space    used 12446K, capacity 13708K, committed 13824K, reserved 1048576K
}
Event: 516.387 GC heap before
{Heap before GC invocations=17 (full 4):
 PSYoungGen      total 299520K, used 3202K [0x00000000eab00000, 0x0000000100000000, 0x0000000100000000)
  eden space 249856K, 0% used [0x00000000eab00000,0x00000000eab00000,0x00000000f9f00000)
  from space 49664K, 6% used [0x00000000f9f00000,0x00000000fa2209f8,0x00000000fcf80000)
  to   space 49664K, 0% used [0x00000000fcf80000,0x00000000fcf80000,0x0000000100000000)
 ParOldGen       total 148480K, used 97379K [0x00000000c0000000, 0x00000000c9100000, 0x00000000eab00000)
  object space 148480K, 65% used [0x00000000c0000000,0x00000000c5f18f30,0x00000000c9100000)
 Metaspace       used 93424K, capacity 98224K, committed 98380K, reserved 1134592K
  class space    used 12446K, capacity 13708K, committed 13824K, reserved 1048576K
Event: 516.618 GC heap after
Heap after GC invocations=17 (full 4):
 PSYoungGen      total 299520K, used 0K [0x00000000eab00000, 0x0000000100000000, 0x0000000100000000)
  eden space 249856K, 0% used [0x00000000eab00000,0x00000000eab00000,0x00000000f9f00000)
  from space 49664K, 0% used [0x00000000f9f00000,0x00000000f9f00000,0x00000000fcf80000)
  to   space 49664K, 0% used [0x00000000fcf80000,0x00000000fcf80000,0x0000000100000000)
 ParOldGen       total 221696K, used 77469K [0x00000000c0000000, 0x00000000cd880000, 0x00000000eab00000)
  object space 221696K, 34% used [0x00000000c0000000,0x00000000c4ba7520,0x00000000cd880000)
 Metaspace       used 93373K, capacity 98092K, committed 98380K, reserved 1134592K
  class space    used 12433K, capacity 13664K, committed 13824K, reserved 1048576K
}
Event: 528.168 GC heap before
{Heap before GC invocations=18 (full 4):
 PSYoungGen      total 299520K, used 249856K [0x00000000eab00000, 0x0000000100000000, 0x0000000100000000)
  eden space 249856K, 100% used [0x00000000eab00000,0x00000000f9f00000,0x00000000f9f00000)
  from space 49664K, 0% used [0x00000000f9f00000,0x00000000f9f00000,0x00000000fcf80000)
  to   space 49664K, 0% used [0x00000000fcf80000,0x00000000fcf80000,0x0000000100000000)
 ParOldGen       total 221696K, used 77469K [0x00000000c0000000, 0x00000000cd880000, 0x00000000eab00000)
  object space 221696K, 34% used [0x00000000c0000000,0x00000000c4ba7520,0x00000000cd880000)
 Metaspace       used 101474K, capacity 106762K, committed 106968K, reserved 1140736K
  class space    used 13489K, capacity 14820K, committed 14848K, reserved 1048576K
Event: 528.182 GC heap after
Heap after GC invocations=18 (full 4):
 PSYoungGen      total 294400K, used 17421K [0x00000000eab00000, 0x00000000ffb00000, 0x0000000100000000)
  eden space 249856K, 0% used [0x00000000eab00000,0x00000000eab00000,0x00000000f9f00000)
  from space 44544K, 39% used [0x00000000fcf80000,0x00000000fe083520,0x00000000ffb00000)
  to   space 47104K, 0% used [0x00000000f9f00000,0x00000000f9f00000,0x00000000fcd00000)
 ParOldGen       total 221696K, used 77477K [0x00000000c0000000, 0x00000000cd880000, 0x00000000eab00000)
  object space 221696K, 34% used [0x00000000c0000000,0x00000000c4ba9520,0x00000000cd880000)
 Metaspace       used 101474K, capacity 106762K, committed 106968K, reserved 1140736K
  class space    used 13489K, capacity 14820K, committed 14848K, reserved 1048576K
}
Event: 582.481 GC heap before
{Heap before GC invocations=19 (full 4):
 PSYoungGen      total 294400K, used 267277K [0x00000000eab00000, 0x00000000ffb00000, 0x0000000100000000)
  eden space 249856K, 100% used [0x00000000eab00000,0x00000000f9f00000,0x00000000f9f00000)
  from space 44544K, 39% used [0x00000000fcf80000,0x00000000fe083520,0x00000000ffb00000)
  to   space 47104K, 0% used [0x00000000f9f00000,0x00000000f9f00000,0x00000000fcd00000)
 ParOldGen       total 221696K, used 77477K [0x00000000c0000000, 0x00000000cd880000, 0x00000000eab00000)
  object space 221696K, 34% used [0x00000000c0000000,0x00000000c4ba9520,0x00000000cd880000)
 Metaspace       used 104670K, capacity 110332K, committed 110424K, reserved 1144832K
  class space    used 13768K, capacity 15177K, committed 15232K, reserved 1048576K
Event: 582.515 GC heap after
Heap after GC invocations=19 (full 4):
 PSYoungGen      total 296960K, used 11178K [0x00000000eab00000, 0x00000000fff80000, 0x0000000100000000)
  eden space 249856K, 0% used [0x00000000eab00000,0x00000000eab00000,0x00000000f9f00000)
  from space 47104K, 23% used [0x00000000f9f00000,0x00000000fa9eaae0,0x00000000fcd00000)
  to   space 45568K, 0% used [0x00000000fd300000,0x00000000fd300000,0x00000000fff80000)
 ParOldGen       total 221696K, used 86019K [0x00000000c0000000, 0x00000000cd880000, 0x00000000eab00000)
  object space 221696K, 38% used [0x00000000c0000000,0x00000000c5400cc0,0x00000000cd880000)
 Metaspace       used 104670K, capacity 110332K, committed 110424K, reserved 1144832K
  class space    used 13768K, capacity 15177K, committed 15232K, reserved 1048576K
}
Event: 592.891 GC heap before
{Heap before GC invocations=20 (full 4):
 PSYoungGen      total 296960K, used 260376K [0x00000000eab00000, 0x00000000fff80000, 0x0000000100000000)
  eden space 249856K, 99% used [0x00000000eab00000,0x00000000f9e5b688,0x00000000f9f00000)
  from space 47104K, 23% used [0x00000000f9f00000,0x00000000fa9eaae0,0x00000000fcd00000)
  to   space 45568K, 0% used [0x00000000fd300000,0x00000000fd300000,0x00000000fff80000)
 ParOldGen       total 221696K, used 86019K [0x00000000c0000000, 0x00000000cd880000, 0x00000000eab00000)
  object space 221696K, 38% used [0x00000000c0000000,0x00000000c5400cc0,0x00000000cd880000)
 Metaspace       used 111303K, capacity 117052K, committed 117336K, reserved 1150976K
  class space    used 14510K, capacity 15897K, committed 16000K, reserved 1048576K
Event: 592.922 GC heap after
Heap after GC invocations=20 (full 4):
 PSYoungGen      total 295936K, used 14939K [0x00000000eab00000, 0x00000000ff980000, 0x0000000100000000)
  eden space 256512K, 0% used [0x00000000eab00000,0x00000000eab00000,0x00000000fa580000)
  from space 39424K, 37% used [0x00000000fd300000,0x00000000fe196e98,0x00000000ff980000)
  to   space 43008K, 0% used [0x00000000fa580000,0x00000000fa580000,0x00000000fcf80000)
 ParOldGen       total 221696K, used 93798K [0x00000000c0000000, 0x00000000cd880000, 0x00000000eab00000)
  object space 221696K, 42% used [0x00000000c0000000,0x00000000c5b99820,0x00000000cd880000)
 Metaspace       used 111303K, capacity 117052K, committed 117336K, reserved 1150976K
  class space    used 14510K, capacity 15897K, committed 16000K, reserved 1048576K
}

Deoptimization events (10 events):
Event: 593.578 Thread 0x0000000018be2000 Uncommon trap: reason=class_check action=maybe_recompile pc=0x000000000544b8a0 method=java.io.PrintWriter.write(Ljava/lang/String;II)V @ 19
Event: 593.578 Thread 0x0000000018be2000 Uncommon trap: reason=class_check action=maybe_recompile pc=0x000000000544b8a0 method=java.io.PrintWriter.write(Ljava/lang/String;II)V @ 19
Event: 593.578 Thread 0x0000000018be2000 Uncommon trap: reason=class_check action=maybe_recompile pc=0x000000000544b8a0 method=java.io.PrintWriter.write(Ljava/lang/String;II)V @ 19
Event: 593.578 Thread 0x0000000018be2000 Uncommon trap: reason=class_check action=maybe_recompile pc=0x000000000544b8a0 method=java.io.PrintWriter.write(Ljava/lang/String;II)V @ 19
Event: 593.578 Thread 0x0000000018be2000 Uncommon trap: reason=class_check action=maybe_recompile pc=0x0000000005447838 method=java.io.PrintWriter.write(Ljava/lang/String;II)V @ 19
Event: 594.292 Thread 0x0000000018be6800 Uncommon trap: reason=unstable_if action=reinterpret pc=0x000000000433dc08 method=com.esotericsoftware.kryo.io.Output.writeLong(JZ)I @ 55
Event: 594.666 Thread 0x000000001af06800 Uncommon trap: reason=unstable_if action=reinterpret pc=0x0000000003e48da8 method=java.util.zip.InflaterInputStream.read()I @ 15
Event: 594.671 Thread 0x000000001af07800 Uncommon trap: reason=unstable_if action=reinterpret pc=0x0000000003e491e0 method=java.util.zip.InflaterInputStream.read()I @ 15
Event: 597.687 Thread 0x000000001af07800 Uncommon trap: reason=unstable_if action=reinterpret pc=0x0000000005005270 method=java.lang.invoke.MethodType$ConcurrentWeakInternSet.add(Ljava/lang/Object;)Ljava/lang/Object; @ 47
Event: 597.704 Thread 0x000000001af07800 Uncommon trap: reason=unstable_if action=reinterpret pc=0x0000000003eb1de8 method=java.util.regex.Matcher.appendReplacement(Ljava/lang/StringBuffer;Ljava/lang/String;)Ljava/util/regex/Matcher; @ 47

Classes redefined (0 events):
No events

Internal exceptions (10 events):
Event: 520.247 Thread 0x0000000018beb000 Implicit null exception at 0x0000000005358ab7 to 0x0000000005358de1
Event: 528.010 Thread 0x0000000018beb000 Exception <a 'java/lang/NoSuchMethodError': java.lang.Object.lambda$comparingInt$7b0bb60$1(Ljava/util/function/ToIntFunction;Ljava/lang/Object;Ljava/lang/Object;)I> (0x00000000f9819ce0) thrown at [D:\src\AOSP-openjdk-cygwin\jdk8u\hotspot\src\share\vm\inte
Event: 577.718 Thread 0x0000000018be2000 Exception <a 'java/lang/ClassNotFoundException': sync_local_repo2_5wdku1chcbxiepvfqebfzrjx6BeanInfo> (0x00000000ecc29648) thrown at [D:\src\AOSP-openjdk-cygwin\jdk8u\hotspot\src\share\vm\classfile\systemDictionary.cpp, line 210]
Event: 577.718 Thread 0x0000000018be2000 Exception <a 'java/lang/ClassNotFoundException': sync_local_repo2_5wdku1chcbxiepvfqebfzrjx6Customizer> (0x00000000ecc34738) thrown at [D:\src\AOSP-openjdk-cygwin\jdk8u\hotspot\src\share\vm\classfile\systemDictionary.cpp, line 210]
Event: 578.150 Thread 0x0000000018be2000 Exception <a 'sun/nio/fs/WindowsException'> (0x00000000f0f6cd88) thrown at [D:\src\AOSP-openjdk-cygwin\jdk8u\hotspot\src\share\vm\prims\jni.cpp, line 709]
Event: 578.156 Thread 0x0000000018be2000 Exception <a 'sun/nio/fs/WindowsException'> (0x00000000f0fb30d0) thrown at [D:\src\AOSP-openjdk-cygwin\jdk8u\hotspot\src\share\vm\prims\jni.cpp, line 709]
Event: 578.312 Thread 0x0000000018be2000 Exception <a 'java/lang/reflect/InvocationTargetException'> (0x00000000f1b6af58) thrown at [D:\src\AOSP-openjdk-cygwin\jdk8u\hotspot\src\share\vm\runtime\reflection.cpp, line 1092]
Event: 578.315 Thread 0x0000000018be2000 Exception <a 'java/lang/reflect/InvocationTargetException'> (0x00000000f1b79e60) thrown at [D:\src\AOSP-openjdk-cygwin\jdk8u\hotspot\src\share\vm\runtime\reflection.cpp, line 1092]
Event: 579.040 Thread 0x000000001cde3800 Implicit null exception at 0x00000000054d0da4 to 0x00000000054d12c9
Event: 592.576 Thread 0x0000000018be2000 Exception <a 'java/lang/NoSuchMethodError': java.lang.Object.lambda$or$2(Ljava/util/function/Predicate;Ljava/lang/Object;)Z> (0x00000000f2bd7c38) thrown at [D:\src\AOSP-openjdk-cygwin\jdk8u\hotspot\src\share\vm\interpreter\linkResolver.cpp, line 584]

Events (10 events):
Event: 599.393 Thread 0x00000000178e0000 flushing nmethod 0x0000000005c2b390
Event: 599.393 Thread 0x00000000178e0000 flushing nmethod 0x0000000005c2c390
Event: 599.393 Thread 0x00000000178e0000 flushing nmethod 0x0000000005c2e0d0
Event: 599.393 Thread 0x00000000178e0000 flushing nmethod 0x0000000005c37990
Event: 599.405 loading class com/android/build/gradle/internal/incremental/IncrementalSupportVisitor$MethodReference
Event: 599.405 loading class com/android/build/gradle/internal/incremental/IncrementalSupportVisitor$MethodReference done
Event: 599.406 loading class org/objectweb/asm/tree/ClassNode
Event: 599.406 loading class org/objectweb/asm/tree/ClassNode done
Event: 599.406 loading class com/android/build/gradle/internal/incremental/IncrementalSupportVisitor
Event: 599.406 loading class com/android/build/gradle/internal/incremental/IncrementalSupportVisitor done


Dynamic libraries:
0x00007ff6f3a10000 - 0x00007ff6f3a41000 	C:\Program Files\Android\Android Studio\jre\bin\java.exe
0x00007ffd4f750000 - 0x00007ffd4f8fd000 	C:\WINDOWS\SYSTEM32\ntdll.dll
0x00007ffd4ed10000 - 0x00007ffd4ee4e000 	C:\WINDOWS\system32\KERNEL32.DLL
0x00007ffd4ccc0000 - 0x00007ffd4cdd5000 	C:\WINDOWS\system32\KERNELBASE.dll
0x00007ffd4f170000 - 0x00007ffd4f21a000 	C:\WINDOWS\system32\ADVAPI32.dll
0x00007ffd4e6f0000 - 0x00007ffd4e867000 	C:\WINDOWS\system32\USER32.dll
0x00007ffd4a530000 - 0x00007ffd4a7ab000 	C:\WINDOWS\WinSxS\amd64_microsoft.windows.common-controls_6595b64144ccf1df_6.0.9600.18006_none_623f33d3ecbe86e8\COMCTL32.dll
0x00007ffd4ec60000 - 0x00007ffd4ed0a000 	C:\WINDOWS\system32\msvcrt.dll
0x00007ffd4f0d0000 - 0x00007ffd4f129000 	C:\WINDOWS\SYSTEM32\sechost.dll
0x00007ffd4eb20000 - 0x00007ffd4ec60000 	C:\WINDOWS\system32\RPCRT4.dll
0x00007ffd4ef20000 - 0x00007ffd4f06b000 	C:\WINDOWS\system32\GDI32.dll
0x00007ffd4c950000 - 0x00007ffd4c97e000 	C:\WINDOWS\system32\SspiCli.dll
0x00007ffd4f130000 - 0x00007ffd4f166000 	C:\WINDOWS\system32\IMM32.DLL
0x00007ffd4e9c0000 - 0x00007ffd4eb11000 	C:\WINDOWS\system32\MSCTF.dll
0x0000000067f70000 - 0x0000000068042000 	C:\Program Files\Android\Android Studio\jre\jre\bin\msvcr100.dll
0x0000000066b80000 - 0x00000000673bf000 	C:\Program Files\Android\Android Studio\jre\jre\bin\server\jvm.dll
0x00007ffd2d680000 - 0x00007ffd2d689000 	C:\WINDOWS\SYSTEM32\WSOCK32.dll
0x00007ffd47810000 - 0x00007ffd47832000 	C:\WINDOWS\SYSTEM32\WINMM.dll
0x00007ffd4a050000 - 0x00007ffd4a05a000 	C:\WINDOWS\SYSTEM32\VERSION.dll
0x00007ffd4cf80000 - 0x00007ffd4cf87000 	C:\WINDOWS\system32\PSAPI.DLL
0x00007ffd4f070000 - 0x00007ffd4f0ca000 	C:\WINDOWS\system32\WS2_32.dll
0x00007ffd46cb0000 - 0x00007ffd46cda000 	C:\WINDOWS\SYSTEM32\WINMMBASE.dll
0x00007ffd4e990000 - 0x00007ffd4e999000 	C:\WINDOWS\system32\NSI.dll
0x00007ffd4c980000 - 0x00007ffd4c9cf000 	C:\WINDOWS\SYSTEM32\cfgmgr32.dll
0x00007ffd4b650000 - 0x00007ffd4b678000 	C:\WINDOWS\SYSTEM32\DEVOBJ.dll
0x00007ffd48e60000 - 0x00007ffd48e6f000 	C:\Program Files\Android\Android Studio\jre\jre\bin\verify.dll
0x00007ffd48e30000 - 0x00007ffd48e59000 	C:\Program Files\Android\Android Studio\jre\jre\bin\java.dll
0x00007ffd39ff0000 - 0x00007ffd3a006000 	C:\Program Files\Android\Android Studio\jre\jre\bin\zip.dll
0x00007ffd4d1c0000 - 0x00007ffd4e6ec000 	C:\WINDOWS\system32\SHELL32.dll
0x00007ffd4cfa0000 - 0x00007ffd4d1b2000 	C:\WINDOWS\SYSTEM32\combase.dll
0x00007ffd4f230000 - 0x00007ffd4f284000 	C:\WINDOWS\system32\SHLWAPI.dll
0x00007ffd4b340000 - 0x00007ffd4b3f2000 	C:\WINDOWS\SYSTEM32\SHCORE.dll
0x00007ffd4c880000 - 0x00007ffd4c895000 	C:\WINDOWS\SYSTEM32\profapi.dll
0x00007ffd330a0000 - 0x00007ffd330ba000 	C:\Program Files\Android\Android Studio\jre\jre\bin\net.dll
0x00007ffd4c090000 - 0x00007ffd4c0e9000 	C:\WINDOWS\system32\mswsock.dll
0x00007ffd329d0000 - 0x00007ffd329e1000 	C:\Program Files\Android\Android Studio\jre\jre\bin\nio.dll
0x00007ffd2f550000 - 0x00007ffd2f56e000 	C:\Users\GregC\.gradle\native\25\windows-amd64\native-platform.dll
0x00007ffd48e10000 - 0x00007ffd48e1d000 	C:\Program Files\Android\Android Studio\jre\jre\bin\management.dll
0x00007ffd4c270000 - 0x00007ffd4c290000 	C:\WINDOWS\SYSTEM32\CRYPTSP.dll
0x00007ffd4bce0000 - 0x00007ffd4bd16000 	C:\WINDOWS\system32\rsaenh.dll
0x00007ffd4c320000 - 0x00007ffd4c346000 	C:\WINDOWS\SYSTEM32\bcrypt.dll
0x00007ffd4be60000 - 0x00007ffd4be81000 	C:\WINDOWS\SYSTEM32\USERENV.dll
0x00007ffd4c680000 - 0x00007ffd4c6e3000 	C:\WINDOWS\system32\bcryptprimitives.dll
0x00007ffd4c7f0000 - 0x00007ffd4c7fb000 	C:\WINDOWS\SYSTEM32\CRYPTBASE.dll
0x00007ffd4b8f0000 - 0x00007ffd4b91a000 	C:\WINDOWS\SYSTEM32\IPHLPAPI.DLL
0x00007ffd4b8e0000 - 0x00007ffd4b8ea000 	C:\WINDOWS\SYSTEM32\WINNSI.DLL
0x00007ffd44bb0000 - 0x00007ffd44bc6000 	C:\WINDOWS\SYSTEM32\dhcpcsvc6.DLL
0x00007ffd44db0000 - 0x00007ffd44dca000 	C:\WINDOWS\SYSTEM32\dhcpcsvc.DLL
0x00007ffd2f620000 - 0x00007ffd2f644000 	C:\Program Files\Android\Android Studio\jre\jre\bin\sunec.dll
0x00007ffd4be90000 - 0x00007ffd4bf34000 	C:\WINDOWS\SYSTEM32\DNSAPI.dll
0x00000000688b0000 - 0x00000000688d6000 	C:\Program Files\Bonjour\mdnsNSP.dll
0x00007ffd378e0000 - 0x00007ffd378ea000 	C:\Windows\System32\rasadhlp.dll
0x00007ffd44c80000 - 0x00007ffd44ceb000 	C:\WINDOWS\System32\fwpuclnt.dll
0x00007ffd45dc0000 - 0x00007ffd45dcb000 	C:\Program Files\Android\Android Studio\jre\jre\bin\sunmscapi.dll
0x00007ffd4c9d0000 - 0x00007ffd4cbaf000 	C:\WINDOWS\system32\CRYPT32.dll
0x00007ffd4c930000 - 0x00007ffd4c941000 	C:\WINDOWS\system32\MSASN1.dll

VM Arguments:
jvm_args: -XX:+HeapDumpOnOutOfMemoryError -Xmx1024m -Dfile.encoding=x-windows-950 -Duser.country=TW -Duser.language=zh -Duser.variant 
java_command: org.gradle.launcher.daemon.bootstrap.GradleDaemon 4.4
java_class_path (initial): C:\Users\GregC\.gradle\wrapper\dists\gradle-4.4-all\9br9xq1tocpiv8o6njlyu5op1\gradle-4.4\lib\gradle-launcher-4.4.jar
Launcher Type: SUN_STANDARD

Environment Variables:
PATH=C:\Program Files (x86)\Common Files\Oracle\Java\javapath;C:\ProgramData\Oracle\Java\javapath;C:\Program Files (x86)\Intel\iCLS Client\;C:\Program Files\Intel\iCLS Client\;C:\WINDOWS\system32;C:\WINDOWS;C:\WINDOWS\System32\Wbem;C:\WINDOWS\System32\WindowsPowerShell\v1.0\;C:\Program Files (x86)\Windows Live\Shared;C:\Program Files\Intel\Intel(R) Management Engine Components\DAL;C:\Program Files\Intel\Intel(R) Management Engine Components\IPT;C:\Program Files (x86)\Intel\Intel(R) Management Engine Components\DAL;C:\Program Files (x86)\Intel\Intel(R) Management Engine Components\IPT;C:\Program Files (x86)\Intel\OpenCL SDK\3.0\bin\x86;C:\Program Files (x86)\Intel\OpenCL SDK\3.0\bin\x64;C:\Users\GregC\.dnx\bin;C:\Program Files\Microsoft DNX\Dnvm\;C:\Program Files\Microsoft SQL Server\130\Tools\Binn\;C:\Program Files (x86)\NVIDIA Corporation\PhysX\Common;C:\Program Files (x86)\Windows Kits\8.1\Windows Performance Toolkit\;C:\Program Files (x86)\Microsoft SQL Server\Client SDK\ODBC\110\Tools\Binn\;C:\Program Files (x86)\Microsoft SQL Server\120\Tools\Binn\;C:\Program Files (x86)\Microsoft SQL Server\120\DTS\Binn\;C:\Program Files (x86)\Microsoft SQL Server\120\Tools\Binn\ManagementStudio\;C:\Program Files\Microsoft SQL Server\Client SDK\ODBC\110\Tools\Binn\;C:\Program Files\Microsoft SQL Server\120\Tools\Binn\;C:\Program Files\Microsoft SQL Server\120\DTS\Binn\;D:\opencv\build\x64\vc14\bin;C:\Program Files\Git\cmd;C:\Program Files\Git\bin;C:\Program Files\Git;C:\Program Files\Git\mingw64\libexec\git-core;C:\Program Files\Java\jre1.8.0_171\bin;C:\Users\GregC\AppData\Local\GitHubDesktop\bin
USERNAME=GregC
OS=Windows_NT
PROCESSOR_IDENTIFIER=Intel64 Family 6 Model 60 Stepping 3, GenuineIntel



---------------  S Y S T E M  ---------------

OS: Windows 8.1 , 64 bit Build 9600 (6.3.9600.17415)

CPU:total 8 (initial active 8) (4 cores per cpu, 2 threads per core) family 6 model 60 stepping 3, cmov, cx8, fxsr, mmx, sse, sse2, sse3, ssse3, sse4.1, sse4.2, popcnt, avx, avx2, aes, clmul, erms, lzcnt, ht, tsc, tscinvbit, bmi1, bmi2

Memory: 4k page, physical 8306340k(1185040k free), swap 11452068k(5936k free)

vm_info: OpenJDK 64-Bit Server VM (25.152-b02) for windows-amd64 JRE (1.8.0_152-release-1024-b02), built by "builder" with MS VC++ 10.0 (VS2010)

time: Tue Apr 24 17:53:27 2018
elapsed time: 599 seconds (0d 0h 9m 59s)

